0.01 0.0252033245855160
0.02 0.0250757002800749
0.03 0.0249474020451476
0.04 0.0248184074475764
0.05 0.0246886923801684
0.060000000000000005 0.0245582308309773
0.06999999999999999 0.0244269945973276
0.08 0.0242949529205637
0.09 0.0241620719974641
0.09999999999999999 0.0240283142921651
0.11 0.0238936375603070
0.12 0.0237579935716065
0.13 0.0236213266989359
0.14 0.0234835727436886
0.15000000000000002 0.0233446584579533
0.16 0.0232045021416564
0.17 0.0230630154779266
0.18000000000000002 0.0229201065172330
0.19 0.0227756835160448
0.2 0.0226296592228529
0.21000000000000002 0.0224819551859289
0.22 0.0223325057103952
0.23 0.0221812611860839
0.24000000000000002 0.0220281906144494
0.25 0.0218732832627324
0.26 0.0217165494555293
0.27 0.0215580205737329
0.28 0.0213977483689373
0.29000000000000004 0.0212358037209133
0.3 0.0210722749707437
0.31 0.0209072659568324
0.32 0.0207408938689475
0.33 0.0205732870197033
0.34 0.0204045826156814
0.35000000000000003 0.0202349245933097
0.36000000000000004 0.0200644615686767
0.37 0.0198933449362600
0.38 0.0197217271393576
0.39 0.0195497601248849
0.4 0.0193775939870592
0.41000000000000003 0.0192053757981478
0.42000000000000004 0.0190332486197011
0.43 0.0188613506842895
0.44 0.0186898147354807
0.45 0.0185187675124282
0.46 0.0183483293647902
0.47000000000000003 0.0181786139836074
0.48000000000000004 0.0180097282340889
0.49 0.0178417720768705
0.5 0.0176748385651352
0.51 0.0175090139059279
0.52 0.0173443775750146
0.53 0.0171810024756707
0.54 0.0170189551328096
0.55 0.0168582959148490
0.56 0.0166990792766522
0.5700000000000001 0.0165413540177508
0.5800000000000001 0.0163851635508613
0.59 0.0162305461764367
0.6 0.0160775353596577
0.61 0.0159261600068527
0.62 0.0157764447388619
0.63 0.0156284101593209
0.64 0.0154820731162404
0.65 0.0153374469556085
0.66 0.0151945417660446
0.67 0.0150533646137911
0.68 0.0149139197675481
0.6900000000000001 0.0147762089128442
0.7000000000000001 0.0146402313557886
0.7100000000000001 0.0145059842161802
0.72 0.0143734626100547
0.73 0.0142426598218366
0.74 0.0141135674663290
0.75 0.0139861756408324
0.76 0.0138604730677181
0.77 0.0137364472278185
0.78 0.0136140844850111
0.79 0.0134933702023931
0.8 0.0133742888504447
0.81 0.0132568241075844
0.8200000000000001 0.0131409589535172
0.8300000000000001 0.0130266757557692
0.8400000000000001 0.0129139563497959
0.85 0.0128027821130376
0.86 0.0126931340332883
0.87 0.0125849927717242
0.88 0.0124783387209310
0.89 0.0123731520582483
0.9 0.0122694127947384
0.91 0.0121671008200696
0.92 0.0120661959435898
0.93 0.0119666779318511
0.9400000000000001 0.0118685265428319
0.9500000000000001 0.0117717215570887
0.9600000000000001 0.0116762428060552
0.97 0.0115820701976952
0.98 0.0114891837397016
0.99 0.0113975635604211
1.0 0.0113071899276749
1.01 0.0112180432656332
1.02 0.0111301041698902
1.03 0.0110433534208791
1.04 0.0109577719957543
1.05 0.0108733410788615
1.06 0.0107900420709068
1.07 0.0107078565969287
1.08 0.0106267665131700
1.09 0.0105467539129386
