0.01 0.0254583420943031
0.02 0.0255892723481669
0.03 0.0257232386431012
0.04 0.0258604079064199
0.05 0.0260009645087450
0.060000000000000005 0.0261451134239470
0.06999999999999999 0.0262930843663712
0.08 0.0264451374741540
0.09 0.0266015717157635
0.09999999999999999 0.0267627380441181
0.11 0.0269290590529013
0.12 0.0271010537392959
0.13 0.0272793608238072
0.14 0.0274647506685404
0.15000000000000002 0.0276581170354514
0.16 0.0278604451641804
0.17 0.0280727590348237
0.18000000000000002 0.0282960554698894
0.19 0.0285312346926881
0.2 0.0287790363195369
0.21000000000000002 0.0290399874851108
0.22 0.0293143669301630
0.23 0.0296021861923518
0.24000000000000002 0.0299031869520338
0.25 0.0302168522216379
0.26 0.0305424283718723
0.27 0.0308789548159994
0.28 0.0312252983600911
0.29000000000000004 0.0315801896248622
0.3 0.0319422594380619
0.31 0.0323100736047063
0.32 0.0326821649350372
0.33 0.0330570618196975
0.34 0.0334333129774399
0.35000000000000003 0.0338095082626521
0.36000000000000004 0.0341842956142780
0.37 0.0345563943636256
0.38 0.0349246052063786
0.39 0.0352878171939219
0.4 0.0356450121199000
0.41000000000000003 0.0359952666775437
0.42000000000000004 0.0363377527481334
0.43 0.0366717361561228
0.44 0.0369965741958887
0.45 0.0373117122017625
0.46 0.0376166793990926
0.47000000000000003 0.0379110842410785
0.48000000000000004 0.0381946094050112
0.49 0.0384670065929359
0.5 0.0387280912559550
0.51 0.0389777373385040
0.52 0.0392158721189291
0.53 0.0394424712054338
0.54 0.0396575537317489
0.55 0.0398611777844838
0.56 0.0400534360837945
0.5700000000000001 0.0402344519305184
0.5800000000000001 0.0404043754260296
0.59 0.0405633799655606
0.6 0.0407116590013988
0.61 0.0408494230690318
0.62 0.0409768970668113
0.63 0.0410943177779013
0.64 0.0412019316220388
0.65 0.0412999926238652
0.66 0.0413887605841915
0.67 0.0414684994404583
0.68 0.0415394758027883
0.6900000000000001 0.0416019576523371
0.7000000000000001 0.0416562131890954
0.7100000000000001 0.0417025098168343
0.72 0.0417411132534930
0.73 0.0417722867559567
0.74 0.0417962904488444
0.75 0.0418133807476014
0.76 0.0418238098668652
0.77 0.0418278254057328
0.78 0.0418256700021919
0.79 0.0418175810495918
0.8 0.0418037904686089
0.81 0.0417845245287159
0.8200000000000001 0.0417600037136751
0.8300000000000001 0.0417304426260667
0.8400000000000001 0.0416960499263100
0.85 0.0416570283020553
0.86 0.0416135744642155
0.87 0.0415658791662579
0.88 0.0415141272437144
0.89 0.0414584976711626
0.9 0.0413991636342138
0.91 0.0413362926142944
0.92 0.0412700464842371
0.93 0.0412005816129135
0.9400000000000001 0.0411280489773245
0.9500000000000001 0.0410525942807456
0.9600000000000001 0.0409743580756762
0.97 0.0408934758904886
0.98 0.0408100783587976
0.99 0.0407242913506924
1.0 0.0406362361050721
1.01 0.0405460293624261
1.02 0.0404537834974797
1.03 0.0403596066512077
1.04 0.0402636028617801
1.05 0.0401658721940718
1.06 0.0400665108674182
1.07 0.0399656113813489
1.08 0.0398632626390753
1.09 0.0397595500685470
